{
  "stats": {
    "suites": 1,
    "tests": 2,
    "passes": 0,
    "pending": 0,
    "failures": 2,
    "start": "2020-07-23T08:12:12.298Z",
    "end": "2020-07-23T08:12:26.666Z",
    "duration": 14368,
    "testsRegistered": 2,
    "passPercent": 0,
    "pendingPercent": 0,
    "other": 0,
    "hasOther": false,
    "skipped": 0,
    "hasSkipped": false
  },
  "results": [
    {
      "uuid": "d3097e35-377d-4cc8-b95b-45cae7bbf8e0",
      "title": "",
      "fullFile": "cypress/integration/downloadUploadFile.spec.js",
      "file": "cypress/integration/downloadUploadFile.spec.js",
      "beforeHooks": [],
      "afterHooks": [],
      "tests": [],
      "suites": [
        {
          "uuid": "4aceac1b-7759-4a65-944f-8f89318fabc5",
          "title": "File upload and download tests",
          "fullFile": "",
          "file": "",
          "beforeHooks": [],
          "afterHooks": [],
          "tests": [
            {
              "title": "Upload file and download it in Zip format",
              "fullTitle": "File upload and download tests Upload file and download it in Zip format",
              "timedOut": null,
              "duration": 6116,
              "state": "failed",
              "speed": null,
              "pass": false,
              "fail": true,
              "pending": false,
              "context": null,
              "code": "cy.get('#fileField').attachFile('TestFile1.jpg');\ncy.contains('This bin contains 1 file').should('be.visible');\ncy.get('.fa-cloud-download').click();\ncy.contains('Zip').invoke('attr', 'href').then(function (downloadLink) {\n  cy.log(downloadLink);\n  cy.downloadFile(downloadLink, 'mydownloads/zipFiles', 'TestFile1_downloadedFromCypress.zip');\n  cy.readFile('mydownloads/zipFiles/TestFile1_downloadedFromCypress.zip');\n});",
              "err": {
                "message": "AssertionError: Timed out retrying: Expected to find content: 'This bin contains 1 file' but never did.",
                "estack": "AssertionError: Timed out retrying: Expected to find content: 'This bin contains 1 file' but never did.\n    at Context.eval (https://filebin.net/__cypress/tests?p=cypress/integration/downloadUploadFile.spec.js:10:45)",
                "diff": null
              },
              "uuid": "f6d4ed7a-f506-49d1-8831-78f7d296b006",
              "parentUUID": "4aceac1b-7759-4a65-944f-8f89318fabc5",
              "isHook": false,
              "skipped": false
            },
            {
              "title": "Upload file and download it in Tar format",
              "fullTitle": "File upload and download tests Upload file and download it in Tar format",
              "timedOut": null,
              "duration": 6079,
              "state": "failed",
              "speed": null,
              "pass": false,
              "fail": true,
              "pending": false,
              "context": null,
              "code": "cy.get('#fileField').attachFile('TestFile2.jpg');\ncy.contains('This bin contains 1 file').should('be.visible');\ncy.get('.fa-cloud-download').click();\ncy.contains('Tar').invoke('attr', 'href').then(function (downloadLink) {\n  cy.log(downloadLink);\n  cy.downloadFile(downloadLink, 'mydownloads/tarFiles', 'TestFile2_downloadedFromCypress.tar');\n  cy.readFile('mydownloads/tarFiles/TestFile2_downloadedFromCypress.tar');\n});",
              "err": {
                "message": "AssertionError: Timed out retrying: Expected to find content: 'This bin contains 1 file' but never did.",
                "estack": "AssertionError: Timed out retrying: Expected to find content: 'This bin contains 1 file' but never did.\n    at Context.eval (https://filebin.net/__cypress/tests?p=cypress/integration/downloadUploadFile.spec.js:20:45)",
                "diff": null
              },
              "uuid": "3480d2a1-d991-4b90-8351-1831e58b3148",
              "parentUUID": "4aceac1b-7759-4a65-944f-8f89318fabc5",
              "isHook": false,
              "skipped": false
            }
          ],
          "suites": [],
          "passes": [],
          "failures": [
            "f6d4ed7a-f506-49d1-8831-78f7d296b006",
            "3480d2a1-d991-4b90-8351-1831e58b3148"
          ],
          "pending": [],
          "skipped": [],
          "duration": 12195,
          "root": false,
          "rootEmpty": false,
          "_timeout": 2000
        }
      ],
      "passes": [],
      "failures": [],
      "pending": [],
      "skipped": [],
      "duration": 0,
      "root": true,
      "rootEmpty": true,
      "_timeout": 2000
    }
  ],
  "meta": {
    "mocha": {
      "version": "7.0.1"
    },
    "mochawesome": {
      "options": {
        "quiet": false,
        "reportFilename": "mochawesome",
        "saveHtml": false,
        "saveJson": true,
        "consoleReporter": "spec",
        "useInlineDiffs": false,
        "code": true
      },
      "version": "6.1.1"
    },
    "marge": {
      "options": {
        "reportDir": "cypress/results",
        "overwrite": false,
        "html": false,
        "json": true
      },
      "version": "5.1.0"
    }
  }
}