{
  "stats": {
    "suites": 1,
    "tests": 2,
    "passes": 2,
    "pending": 0,
    "failures": 0,
    "start": "2020-07-23T08:53:45.104Z",
    "end": "2020-07-23T08:53:52.268Z",
    "duration": 7164,
    "testsRegistered": 2,
    "passPercent": 100,
    "pendingPercent": 0,
    "other": 0,
    "hasOther": false,
    "skipped": 0,
    "hasSkipped": false
  },
  "results": [
    {
      "uuid": "3dfea01c-3fd0-44a8-b43f-da2070f68725",
      "title": "",
      "fullFile": "cypress/integration/downloadUploadFile.spec.js",
      "file": "cypress/integration/downloadUploadFile.spec.js",
      "beforeHooks": [],
      "afterHooks": [],
      "tests": [],
      "suites": [
        {
          "uuid": "9142e8ea-1d3c-4e90-8658-ed2f94465104",
          "title": "File upload and download tests",
          "fullFile": "",
          "file": "",
          "beforeHooks": [],
          "afterHooks": [],
          "tests": [
            {
              "title": "Upload file and download it in Zip format",
              "fullTitle": "File upload and download tests Upload file and download it in Zip format",
              "timedOut": null,
              "duration": 3085,
              "state": "passed",
              "speed": "slow",
              "pass": true,
              "fail": false,
              "pending": false,
              "context": null,
              "code": "cy.get('#fileField').attachFile('TestFile1.jpg');\ncy.contains('This bin contains 1 file').should('be.visible');\ncy.get('.fa-cloud-download').click();\ncy.contains('Zip').invoke('attr', 'href').then(function (downloadLink) {\n  cy.log(downloadLink);\n  cy.downloadFile(downloadLink, 'mydownloads/zipFiles', 'TestFile1_downloadedFromCypress.zip');\n  cy.readFile('mydownloads/zipFiles/TestFile1_downloadedFromCypress.zip');\n});",
              "err": {},
              "uuid": "41d5f8df-5173-4f69-b301-8376b3e7d231",
              "parentUUID": "9142e8ea-1d3c-4e90-8658-ed2f94465104",
              "isHook": false,
              "skipped": false
            },
            {
              "title": "Upload file and download it in Tar format",
              "fullTitle": "File upload and download tests Upload file and download it in Tar format",
              "timedOut": null,
              "duration": 2201,
              "state": "passed",
              "speed": "slow",
              "pass": true,
              "fail": false,
              "pending": false,
              "context": null,
              "code": "cy.get('#fileField').attachFile('TestFile2.jpg');\ncy.contains('This bin contains 1 file').should('be.visible');\ncy.get('.fa-cloud-download').click();\ncy.contains('Tar').invoke('attr', 'href').then(function (downloadLink) {\n  cy.log(downloadLink);\n  cy.downloadFile(downloadLink, 'mydownloads/tarFiles', 'TestFile2_downloadedFromCypress.tar');\n  cy.readFile('mydownloads/tarFiles/TestFile2_downloadedFromCypress.tar');\n});",
              "err": {},
              "uuid": "1bec0b21-d574-4eb3-86a0-11e07f23ca53",
              "parentUUID": "9142e8ea-1d3c-4e90-8658-ed2f94465104",
              "isHook": false,
              "skipped": false
            }
          ],
          "suites": [],
          "passes": [
            "41d5f8df-5173-4f69-b301-8376b3e7d231",
            "1bec0b21-d574-4eb3-86a0-11e07f23ca53"
          ],
          "failures": [],
          "pending": [],
          "skipped": [],
          "duration": 5286,
          "root": false,
          "rootEmpty": false,
          "_timeout": 2000
        }
      ],
      "passes": [],
      "failures": [],
      "pending": [],
      "skipped": [],
      "duration": 0,
      "root": true,
      "rootEmpty": true,
      "_timeout": 2000
    }
  ],
  "meta": {
    "mocha": {
      "version": "7.0.1"
    },
    "mochawesome": {
      "options": {
        "quiet": false,
        "reportFilename": "mochawesome",
        "saveHtml": false,
        "saveJson": true,
        "consoleReporter": "spec",
        "useInlineDiffs": false,
        "code": true
      },
      "version": "6.1.1"
    },
    "marge": {
      "options": {
        "reportDir": "cypress/results",
        "overwrite": false,
        "html": false,
        "json": true
      },
      "version": "5.1.0"
    }
  }
}